\BOOKMARK [1][-]{section.1}{\376\377\004\034\004\075\004\076\004\063\004\076\004\077\004\076\004\102\004\076\004\107\004\075\004\076\004\065\000\040\004\070\004\101\004\077\004\076\004\073\004\075\004\065\004\075\004\070\004\065}{}% 1
\BOOKMARK [1][-]{section.2}{\376\377\004\036\004\101\004\076\004\061\004\065\004\075\004\075\004\076\004\101\004\102\004\070\000\040\004\100\004\060\004\061\004\076\004\102\004\113\000\040\004\101\000\040\004\077\004\060\004\074\004\117\004\102\004\114\004\116}{}% 2
\BOOKMARK [1][-]{section.3}{\376\377\004\041\004\107\004\121\004\102\004\107\004\070\004\072\000\040\004\101\004\101\004\113\004\073\004\076\004\072}{}% 3
\BOOKMARK [2][-]{subsection.3.1}{\376\377\004\034\004\065\004\105\004\060\004\075\004\070\004\067\004\074\000\040\000C\000O\000W\000\040\004\064\004\073\004\117\000\040\004\101\004\102\004\100\004\076\004\072}{section.3}% 4
\BOOKMARK [2][-]{subsection.3.2}{\376\377\000H\000e\000l\000p\000\040\004\077\004\076\004\064\004\105\004\076\004\064\000\040\004\070\000\040\004\062\004\067\004\060\004\070\004\074\004\076\004\077\004\076\004\074\004\076\004\111\004\114}{section.3}% 5
\BOOKMARK [1][-]{section.4}{\376\377\004\033\004\070\004\075\004\065\004\060\004\100\004\070\004\067\004\103\004\065\004\074\004\076\004\101\004\102\004\114}{}% 6
\BOOKMARK [1][-]{section.5}{\376\377\000R\000C\000U\000\040\004\072\004\060\004\072\000\040\004\075\004\065\004\101\004\070\004\074\004\074\004\065\004\102\004\100\004\070\004\107\004\075\004\113\004\071\000\040\004\074\004\065\004\105\004\060\004\075\004\070\004\067\004\074\000\040\000S\000M\000R}{}% 7
\BOOKMARK [1][-]{section.6}{\376\377\000L\000o\000c\000k\000-\000f\000r\000e\000e\000\040\004\076\004\107\004\065\004\100\004\065\004\064\004\114\000\040\004\074\004\060\004\071\004\072\004\073\004\060\000-\004\101\004\072\004\076\004\102\004\102\004\060\000\040\000-\000\040\004\100\004\065\004\110\004\065\004\075\004\070\004\065\000\040\004\067\004\060\004\064\004\060\004\107\004\070}{}% 8
\BOOKMARK [1][-]{section.7}{\376\377\004\036\004\064\004\075\004\076\004\101\004\062\004\117\004\067\004\075\004\113\004\071\000\040\004\101\004\077\004\070\004\101\004\076\004\072\000\040\004\072\004\060\004\072\000\040\004\077\004\076\004\101\004\073\004\065\004\064\004\076\004\062\004\060\004\102\004\065\004\073\004\114\004\075\004\060\004\117\000\040\004\101\004\102\004\100\004\103\004\072\004\102\004\103\004\100\004\060\000\040\004\064\004\060\004\075\004\075\004\113\004\105}{}% 9
\BOOKMARK [2][-]{subsection.7.1}{\376\377\000C\000o\000a\000r\000s\000e\000-\000g\000r\000a\000i\000n\000e\000d}{section.7}% 10
\BOOKMARK [2][-]{subsection.7.2}{\376\377\000F\000i\000n\000e\000-\000g\000r\000a\000i\000n\000e\000d}{section.7}% 11
\BOOKMARK [2][-]{subsection.7.3}{\376\377\000O\000p\000t\000i\000m\000i\000s\000t\000i\000c\000\040\000s\000y\000n\000c\000h\000r\000o\000n\000i\000z\000a\000t\000i\000o\000n}{section.7}% 12
\BOOKMARK [2][-]{subsection.7.4}{\376\377\000L\000a\000z\000y\000\040\000s\000y\000n\000c\000h\000r\000o\000n\000i\000z\000a\000t\000i\000o\000n}{section.7}% 13
\BOOKMARK [2][-]{subsection.7.5}{\376\377\000N\000o\000n\000-\000b\000l\000o\000c\000k\000i\000n\000g\000\040\000s\000y\000n\000c\000h\000r\000o\000n\000i\000z\000a\000t\000i\000o\000n}{section.7}% 14
\BOOKMARK [1][-]{section.8}{\376\377\000l\000o\000c\000k\000-\000f\000r\000e\000e\000\040\004\075\004\060\004\063\004\100\004\103\004\066\004\065\004\075\004\075\004\076\004\065\000\040\004\064\004\065\004\100\004\065\004\062\004\076\000\050\004\061\004\076\004\100\000\051}{}% 15
\BOOKMARK [1][-]{section.9}{\376\377\004\043\004\075\004\070\004\062\004\065\004\100\004\101\004\060\004\073\004\114\004\075\004\113\004\065\000\040\000w\000a\000i\000t\000-\000f\000r\000e\000e\000\040\004\072\004\076\004\075\004\101\004\102\004\100\004\103\004\072\004\106\004\070\004\070}{}% 16
\BOOKMARK [2][-]{subsection.9.1}{\376\377\004\023\004\100\004\060\004\074\004\076\004\102\004\075\004\060\004\117\000\040\004\077\004\076\004\101\004\102\004\060\004\075\004\076\004\062\004\072\004\060\000\040\004\067\004\060\004\064\004\060\004\107\004\070}{section.9}% 17
\BOOKMARK [2][-]{subsection.9.2}{\376\377\004\040\004\065\004\110\004\065\004\075\004\070\004\065\000\040\004\101\000\040\004\077\004\076\004\074\004\076\004\111\004\114\004\116\000\040\000l\000o\000c\000k\000-\000f\000r\000e\000e\000\040\004\076\004\107\004\065\004\100\004\065\004\064\004\070}{section.9}% 18
\BOOKMARK [2][-]{subsection.9.3}{\376\377\004\024\004\076\004\061\004\060\004\062\004\073\004\065\004\075\004\070\004\065\000\040\000g\000a\000t\000e}{section.9}% 19
\BOOKMARK [2][-]{subsection.9.4}{\376\377\004\024\004\076\004\062\004\065\004\064\004\065\004\075\004\070\004\065\000\040\004\064\004\076\000\040\004\072\004\076\004\075\004\064\004\070\004\106\004\070\004\070}{section.9}% 20
\BOOKMARK [1][-]{section.10}{\376\377\000w\000a\000i\000t\000-\000f\000r\000e\000e\000\040\004\072\004\100\004\060\004\101\004\075\004\076\000-\004\107\004\065\004\100\004\075\004\076\004\065\000\040\004\064\004\065\004\100\004\065\004\062\004\076}{}% 21
\BOOKMARK [1][-]{section.11}{\376\377\004\033\004\070\004\102\004\065\004\100\004\060\004\102\004\103\004\100\004\060}{}% 22
